* Starting client
* Connecting to master process on port 15885
* Analyzing classpath: 
  - /Users/jacobabarrota/git/commons-cli/target/test-classes
  - /Users/jacobabarrota/git/commons-cli/target/classes
  - /Users/jacobabarrota/.m2/repository/junit/junit/4.13.2/junit-4.13.2.jar
  - /Users/jacobabarrota/.m2/repository/org/hamcrest/hamcrest-core/1.3/hamcrest-core-1.3.jar
  - /Users/jacobabarrota/.m2/repository/org/junit/jupiter/junit-jupiter-api/5.13.4/junit-jupiter-api-5.13.4.jar
  - /Users/jacobabarrota/.m2/repository/org/opentest4j/opentest4j/1.3.0/opentest4j-1.3.0.jar
  - /Users/jacobabarrota/.m2/repository/org/junit/platform/junit-platform-commons/1.13.4/junit-platform-commons-1.13.4.jar
  - /Users/jacobabarrota/.m2/repository/org/apiguardian/apiguardian-api/1.1.2/apiguardian-api-1.1.2.jar
  - /Users/jacobabarrota/.m2/repository/org/junit/jupiter/junit-jupiter-engine/5.13.4/junit-jupiter-engine-5.13.4.jar
  - /Users/jacobabarrota/.m2/repository/org/junit/platform/junit-platform-engine/1.13.4/junit-platform-engine-1.13.4.jar
  - /Users/jacobabarrota/.m2/repository/org/junit/jupiter/junit-jupiter-params/5.13.4/junit-jupiter-params-5.13.4.jar
  - /Users/jacobabarrota/.m2/repository/org/junit-pioneer/junit-pioneer/1.9.1/junit-pioneer-1.9.1.jar
  - /Users/jacobabarrota/.m2/repository/org/junit/platform/junit-platform-launcher/1.13.4/junit-platform-launcher-1.13.4.jar
  - /Users/jacobabarrota/.m2/repository/commons-io/commons-io/2.20.0/commons-io-2.20.0.jar
  - /Users/jacobabarrota/.m2/repository/org/apache/commons/commons-text/1.14.0/commons-text-1.14.0.jar
  - /Users/jacobabarrota/.m2/repository/org/apache/commons/commons-lang3/3.18.0/commons-lang3-3.18.0.jar
  - /Users/jacobabarrota/.m2/repository/org/mockito/mockito-core/4.11.0/mockito-core-4.11.0.jar
  - /Users/jacobabarrota/.m2/repository/net/bytebuddy/byte-buddy/1.12.19/byte-buddy-1.12.19.jar
  - /Users/jacobabarrota/.m2/repository/net/bytebuddy/byte-buddy-agent/1.12.19/byte-buddy-agent-1.12.19.jar
  - /Users/jacobabarrota/.m2/repository/org/objenesis/objenesis/3.3/objenesis-3.3.jar
* Finished analyzing classpath
* Generating tests for class org.apache.commons.cli.GnuParser
* Test criteria:
  - Line Coverage
  - Branch Coverage
  - Exception
  - Mutation testing (weak)
  - Method-Output Coverage
  - Top-Level Method Coverage
  - No-Exception Top-Level Method Coverage
  - Context Branch Coverage
* Setting up search algorithm for whole suite generation
[MASTER] 15:55:49.904 [pool-2-thread-1] WARN  TestSuiteSerialization - Cannot load tests because file does not exist: /Users/jacobabarrota/git/commons-cli/.evosuite/evosuite-seeds/org.apache.commons.cli.GnuParser.seed
* Loaded 0 tests from /Users/jacobabarrota/git/commons-cli/.evosuite/evosuite-seeds/org.apache.commons.cli.GnuParser.seed
* Total number of test goals: 
  - Line 33
  - Branch 23
  - Exception 0
  - MutationFactory 50
  - Output 3
  - Method 2
  - MethodNoException 2
  - CBranchFitnessFactory 23
* Using seed 1762894545297
* Starting evolution
* Search finished after 53s and 371 generations, 174413 statements, best individual has fitness: 23.38888745558414
* Writing sequences to pool
* Minimizing test suite
* Going to analyze the coverage criteria
* Coverage analysis for criterion LINE
* Coverage of criterion LINE: 76%
* Total number of goals: 33
* Number of covered goals: 25
* Coverage analysis for criterion BRANCH
* Coverage of criterion BRANCH: 87%
* Total number of goals: 23
* Number of covered goals: 20
* Coverage analysis for criterion EXCEPTION
* Coverage of criterion EXCEPTION: 100%
* Total number of goals: 1
* Number of covered goals: 1
* Coverage analysis for criterion WEAKMUTATION
* Coverage of criterion WEAKMUTATION: 72%
* Total number of goals: 50
* Number of covered goals: 36
* Coverage analysis for criterion OUTPUT
* Coverage of criterion OUTPUT: 67%
* Total number of goals: 3
* Number of covered goals: 2
* Coverage analysis for criterion METHOD
* Coverage of criterion METHOD: 100%
* Total number of goals: 2
* Number of covered goals: 2
* Coverage analysis for criterion METHODNOEXCEPTION
* Coverage of criterion METHODNOEXCEPTION: 100%
* Total number of goals: 2
* Number of covered goals: 2
* Coverage analysis for criterion CBRANCH
* Coverage of criterion CBRANCH: 87%
* Total number of goals: 23
* Number of covered goals: 20
* Generated 7 tests with total length 31
* Resulting test suite's coverage: 86% (average coverage for all fitness functions)
* Generating assertions
* Resulting test suite's mutation score: 46%
* Compiling and checking tests
* Writing JUnit test case 'GnuParser_ESTest' to /Users/jacobabarrota/git/commons-cli/.evosuite/tmp_2025_11_11_15_25_31/tests
* Done!

