* Starting client
* Connecting to master process on port 9550
* Analyzing classpath: 
  - /Users/jacobabarrota/git/commons-cli/target/test-classes
  - /Users/jacobabarrota/git/commons-cli/target/classes
  - /Users/jacobabarrota/.m2/repository/junit/junit/4.13.2/junit-4.13.2.jar
  - /Users/jacobabarrota/.m2/repository/org/hamcrest/hamcrest-core/1.3/hamcrest-core-1.3.jar
  - /Users/jacobabarrota/.m2/repository/org/junit/jupiter/junit-jupiter-api/5.13.4/junit-jupiter-api-5.13.4.jar
  - /Users/jacobabarrota/.m2/repository/org/opentest4j/opentest4j/1.3.0/opentest4j-1.3.0.jar
  - /Users/jacobabarrota/.m2/repository/org/junit/platform/junit-platform-commons/1.13.4/junit-platform-commons-1.13.4.jar
  - /Users/jacobabarrota/.m2/repository/org/apiguardian/apiguardian-api/1.1.2/apiguardian-api-1.1.2.jar
  - /Users/jacobabarrota/.m2/repository/org/junit/jupiter/junit-jupiter-engine/5.13.4/junit-jupiter-engine-5.13.4.jar
  - /Users/jacobabarrota/.m2/repository/org/junit/platform/junit-platform-engine/1.13.4/junit-platform-engine-1.13.4.jar
  - /Users/jacobabarrota/.m2/repository/org/junit/jupiter/junit-jupiter-params/5.13.4/junit-jupiter-params-5.13.4.jar
  - /Users/jacobabarrota/.m2/repository/org/junit-pioneer/junit-pioneer/1.9.1/junit-pioneer-1.9.1.jar
  - /Users/jacobabarrota/.m2/repository/org/junit/platform/junit-platform-launcher/1.13.4/junit-platform-launcher-1.13.4.jar
  - /Users/jacobabarrota/.m2/repository/commons-io/commons-io/2.20.0/commons-io-2.20.0.jar
  - /Users/jacobabarrota/.m2/repository/org/apache/commons/commons-text/1.14.0/commons-text-1.14.0.jar
  - /Users/jacobabarrota/.m2/repository/org/apache/commons/commons-lang3/3.18.0/commons-lang3-3.18.0.jar
  - /Users/jacobabarrota/.m2/repository/org/mockito/mockito-core/4.11.0/mockito-core-4.11.0.jar
  - /Users/jacobabarrota/.m2/repository/net/bytebuddy/byte-buddy/1.12.19/byte-buddy-1.12.19.jar
  - /Users/jacobabarrota/.m2/repository/net/bytebuddy/byte-buddy-agent/1.12.19/byte-buddy-agent-1.12.19.jar
  - /Users/jacobabarrota/.m2/repository/org/objenesis/objenesis/3.3/objenesis-3.3.jar
* Finished analyzing classpath
* Generating tests for class org.apache.commons.cli.help.TextHelpAppendable
* Test criteria:
  - Line Coverage
  - Branch Coverage
  - Exception
  - Mutation testing (weak)
  - Method-Output Coverage
  - Top-Level Method Coverage
  - No-Exception Top-Level Method Coverage
  - Context Branch Coverage
* Setting up search algorithm for whole suite generation
[MASTER] 15:34:56.949 [pool-2-thread-1] WARN  TestSuiteSerialization - Cannot load tests because file does not exist: /Users/jacobabarrota/git/commons-cli/.evosuite/evosuite-seeds/org.apache.commons.cli.help.TextHelpAppendable.seed
* Loaded 0 tests from /Users/jacobabarrota/git/commons-cli/.evosuite/evosuite-seeds/org.apache.commons.cli.help.TextHelpAppendable.seed
* Total number of test goals: 
  - Line 154
  - Branch 100
  - Exception 0
  - MutationFactory 719
  - Output 62
  - Method 22
  - MethodNoException 22
  - CBranchFitnessFactory 100
* Using seed 1762893291959
* Starting evolution
* Search finished after 111s and 74 generations, 40282 statements, best individual has fitness: 71.86538461212498
* Writing sequences to pool
* Minimizing test suite
[MASTER] 15:37:10.893 [pool-2-thread-1] WARN  TestSuiteMinimizer - Minimization timeout. Roll back to original test suite
* Going to analyze the coverage criteria
* Coverage analysis for criterion LINE
* Coverage of criterion LINE: 97%
* Total number of goals: 154
* Number of covered goals: 150
* Coverage analysis for criterion BRANCH
* Coverage of criterion BRANCH: 91%
* Total number of goals: 100
* Number of covered goals: 91
* Coverage analysis for criterion EXCEPTION
* Coverage of criterion EXCEPTION: 100%
* Total number of goals: 29
* Number of covered goals: 29
* Coverage analysis for criterion WEAKMUTATION
* Coverage of criterion WEAKMUTATION: 95%
* Total number of goals: 719
* Number of covered goals: 685
* Coverage analysis for criterion OUTPUT
* Coverage of criterion OUTPUT: 71%
* Total number of goals: 62
* Number of covered goals: 44
* Coverage analysis for criterion METHOD
* Coverage of criterion METHOD: 100%
* Total number of goals: 22
* Number of covered goals: 22
* Coverage analysis for criterion METHODNOEXCEPTION
* Coverage of criterion METHODNOEXCEPTION: 100%
* Total number of goals: 22
* Number of covered goals: 22
* Coverage analysis for criterion CBRANCH
* Coverage of criterion CBRANCH: 90%
* Total number of goals: 100
* Number of covered goals: 90
* Generated 81 tests with total length 1311
* Resulting test suite's coverage: 93% (average coverage for all fitness functions)
* Generating assertions
[MASTER] 15:37:29.544 [pool-2-thread-1] WARN  SimpleMutationAssertionGenerator - Reached maximum time to generate assertions, aborting assertion generation
* Resulting test suite's mutation score: 6%
* Compiling and checking tests
* Permissions denied during test execution: 
  - java.lang.RuntimePermission: 
         writeFileDescriptor: 13
* Writing JUnit test case 'TextHelpAppendable_ESTest' to /Users/jacobabarrota/git/commons-cli/.evosuite/tmp_2025_11_11_15_25_31/tests
* Done!

