* Starting client
* Connecting to master process on port 17650
* Analyzing classpath: 
  - /Users/jacobabarrota/git/commons-cli/target/test-classes
  - /Users/jacobabarrota/git/commons-cli/target/classes
  - /Users/jacobabarrota/.m2/repository/junit/junit/4.13.2/junit-4.13.2.jar
  - /Users/jacobabarrota/.m2/repository/org/hamcrest/hamcrest-core/1.3/hamcrest-core-1.3.jar
  - /Users/jacobabarrota/.m2/repository/org/junit/jupiter/junit-jupiter-api/5.13.4/junit-jupiter-api-5.13.4.jar
  - /Users/jacobabarrota/.m2/repository/org/opentest4j/opentest4j/1.3.0/opentest4j-1.3.0.jar
  - /Users/jacobabarrota/.m2/repository/org/junit/platform/junit-platform-commons/1.13.4/junit-platform-commons-1.13.4.jar
  - /Users/jacobabarrota/.m2/repository/org/apiguardian/apiguardian-api/1.1.2/apiguardian-api-1.1.2.jar
  - /Users/jacobabarrota/.m2/repository/org/junit/jupiter/junit-jupiter-engine/5.13.4/junit-jupiter-engine-5.13.4.jar
  - /Users/jacobabarrota/.m2/repository/org/junit/platform/junit-platform-engine/1.13.4/junit-platform-engine-1.13.4.jar
  - /Users/jacobabarrota/.m2/repository/org/junit/jupiter/junit-jupiter-params/5.13.4/junit-jupiter-params-5.13.4.jar
  - /Users/jacobabarrota/.m2/repository/org/junit-pioneer/junit-pioneer/1.9.1/junit-pioneer-1.9.1.jar
  - /Users/jacobabarrota/.m2/repository/org/junit/platform/junit-platform-launcher/1.13.4/junit-platform-launcher-1.13.4.jar
  - /Users/jacobabarrota/.m2/repository/commons-io/commons-io/2.20.0/commons-io-2.20.0.jar
  - /Users/jacobabarrota/.m2/repository/org/apache/commons/commons-text/1.14.0/commons-text-1.14.0.jar
  - /Users/jacobabarrota/.m2/repository/org/apache/commons/commons-lang3/3.18.0/commons-lang3-3.18.0.jar
  - /Users/jacobabarrota/.m2/repository/org/mockito/mockito-core/4.11.0/mockito-core-4.11.0.jar
  - /Users/jacobabarrota/.m2/repository/net/bytebuddy/byte-buddy/1.12.19/byte-buddy-1.12.19.jar
  - /Users/jacobabarrota/.m2/repository/net/bytebuddy/byte-buddy-agent/1.12.19/byte-buddy-agent-1.12.19.jar
  - /Users/jacobabarrota/.m2/repository/org/objenesis/objenesis/3.3/objenesis-3.3.jar
* Finished analyzing classpath
* Generating tests for class org.apache.commons.cli.Options
* Test criteria:
  - Line Coverage
  - Branch Coverage
  - Exception
  - Mutation testing (weak)
  - Method-Output Coverage
  - Top-Level Method Coverage
  - No-Exception Top-Level Method Coverage
  - Context Branch Coverage
* Setting up search algorithm for whole suite generation
[MASTER] 15:48:24.304 [pool-2-thread-1] WARN  TestSuiteSerialization - Cannot load tests because file does not exist: /Users/jacobabarrota/git/commons-cli/.evosuite/evosuite-seeds/org.apache.commons.cli.Options.seed
* Loaded 0 tests from /Users/jacobabarrota/git/commons-cli/.evosuite/evosuite-seeds/org.apache.commons.cli.Options.seed
* Total number of test goals: 
  - Line 68
  - Branch 49
  - Exception 0
  - MutationFactory 95
  - Output 73
  - Method 19
  - MethodNoException 19
  - CBranchFitnessFactory 49
* Using seed 1762894101388
* Starting evolution
* Search finished after 69s and 525 generations, 173083 statements, best individual has fitness: 31.59090861314084
* Writing sequences to pool
* Minimizing test suite
* Going to analyze the coverage criteria
* Coverage analysis for criterion LINE
* Coverage of criterion LINE: 100%
* Total number of goals: 68
* Number of covered goals: 68
* Coverage analysis for criterion BRANCH
* Coverage of criterion BRANCH: 100%
* Total number of goals: 49
* Number of covered goals: 49
* Coverage analysis for criterion EXCEPTION
* Coverage of criterion EXCEPTION: 100%
* Total number of goals: 10
* Number of covered goals: 10
* Coverage analysis for criterion WEAKMUTATION
* Coverage of criterion WEAKMUTATION: 92%
* Total number of goals: 95
* Number of covered goals: 87
* Coverage analysis for criterion OUTPUT
* Coverage of criterion OUTPUT: 63%
* Total number of goals: 73
* Number of covered goals: 46
* Coverage analysis for criterion METHOD
* Coverage of criterion METHOD: 100%
* Total number of goals: 19
* Number of covered goals: 19
* Coverage analysis for criterion METHODNOEXCEPTION
* Coverage of criterion METHODNOEXCEPTION: 100%
* Total number of goals: 19
* Number of covered goals: 19
* Coverage analysis for criterion CBRANCH
* Coverage of criterion CBRANCH: 100%
* Total number of goals: 49
* Number of covered goals: 49
* Generated 37 tests with total length 121
* Resulting test suite's coverage: 94% (average coverage for all fitness functions)
* Generating assertions
* Resulting test suite's mutation score: 52%
* Compiling and checking tests
* Writing JUnit test case 'Options_ESTest' to /Users/jacobabarrota/git/commons-cli/.evosuite/tmp_2025_11_11_15_25_31/tests
* Done!

